18:35:48 **** Incremental Build of configuration Release for project tesproj ****
make all 
Building file: ../main.cpp
Invoking: GCC C++ Compiler
g++ -O3 -Wall -c -fmessage-length=0 -MMD -MP -MF"main.d" -MT"main.o" -o "main.o" "../main.cpp"
Finished building: ../main.cpp
 
Building target: tesproj
Invoking: GCC C++ Linker
g++  -o "tesproj"  ./main.o   
Finished building target: tesproj
 
18:35:50 **** Incremental Build of configuration Debug for project tesproj ****
make all 
make: Nothing to be done for `all'.
18:47:08 **** Clean-only build of configuration Release for project tesproj ****
make clean 
make: *** No rule to make target `clean'.  Stop.
18:47:25 **** Build of configuration Release for project tesproj ****
make all 
Building file: ../main.cpp
Invoking: GCC C++ Compiler
g++ -O3 -Wall -c -fmessage-length=0 -MMD -MP -MF"main.d" -MT"main.o" -o "main.o" "../main.cpp"
Finished building: ../main.cpp
 
Building target: tesproj
Invoking: GCC C++ Linker
g++  -o "tesproj"  ./main.o   
Finished building target: tesproj
 
18:47:32 **** Incremental Build of configuration Debug for project tesproj ****
make all 
Building file: ../main.cpp
Invoking: GCC C++ Compiler
g++ -O0 -g3 -Wall -c -fmessage-length=0 -MMD -MP -MF"main.d" -MT"main.o" -o "main.o" "../main.cpp"
Finished building: ../main.cpp
 
Building target: tesproj
Invoking: GCC C++ Linker
g++  -o "tesproj"  ./main.o   
Finished building target: tesproj
 
